<?xml version="1.0" encoding="UTF-8"?>
<!-- Generated by org.testng.reporters.JUnitXMLReporter -->
<testsuite hostname="MacBook-Air.local" ignored="0" name="Test" tests="3" failures="0" timestamp="17 Jul 2018 13:38:30 GMT" time="20.719" errors="0">
  <testcase name="HomePageTitleValidation" time="0.107" classname="LoveAndCo.ValidateTitle"/>
  <testcase name="BasePageNavigation" time="9.433" classname="LoveAndCo.HomePage"/>
  <testcase name="BasePageNavigation" time="4.909" classname="LoveAndCo.HomePage"/>
</testsuite> <!-- Test -->
