<?xml version="1.0" encoding="UTF-8"?>
<testng-results skipped="0" failed="0" ignored="0" total="3" passed="3">
  <reporter-output>
  </reporter-output>
  <suite name="Suite" duration-ms="37564" started-at="2018-07-27T08:48:13Z" finished-at="2018-07-27T08:48:51Z">
    <groups>
    </groups>
    <test name="Test1" duration-ms="10421" started-at="2018-07-27T08:48:13Z" finished-at="2018-07-27T08:48:23Z">
      <class name="LoveAndCo.ValidateTitle">
        <test-method status="PASS" signature="initialize()[pri:0, instance:LoveAndCo.ValidateTitle@188715b5]" name="initialize" is-config="true" duration-ms="9354" started-at="2018-07-27T08:48:13Z" finished-at="2018-07-27T08:48:22Z">
          <reporter-output>
          </reporter-output>
        </test-method> <!-- initialize -->
        <test-method status="PASS" signature="HomePageTitleValidation()[pri:0, instance:LoveAndCo.ValidateTitle@188715b5]" name="HomePageTitleValidation" duration-ms="100" started-at="2018-07-27T08:48:22Z" finished-at="2018-07-27T08:48:23Z">
          <reporter-output>
          </reporter-output>
        </test-method> <!-- HomePageTitleValidation -->
        <test-method status="PASS" signature="tearDown()[pri:0, instance:LoveAndCo.ValidateTitle@188715b5]" name="tearDown" is-config="true" duration-ms="169" started-at="2018-07-27T08:48:23Z" finished-at="2018-07-27T08:48:23Z">
          <reporter-output>
          </reporter-output>
        </test-method> <!-- tearDown -->
      </class> <!-- LoveAndCo.ValidateTitle -->
    </test> <!-- Test1 -->
    <test name="Test2" duration-ms="22110" started-at="2018-07-27T08:48:29Z" finished-at="2018-07-27T08:48:51Z">
      <class name="LoveAndCo.HomePage">
        <test-method status="PASS" signature="initialize()[pri:0, instance:LoveAndCo.HomePage@52e6fdee]" name="initialize" is-config="true" duration-ms="1069" started-at="2018-07-27T08:48:29Z" finished-at="2018-07-27T08:48:30Z">
          <reporter-output>
          </reporter-output>
        </test-method> <!-- initialize -->
        <test-method status="PASS" signature="BasePageNavigation(java.lang.String, java.lang.String)[pri:0, instance:LoveAndCo.HomePage@52e6fdee]" name="BasePageNavigation" duration-ms="15542" started-at="2018-07-27T08:48:30Z" data-provider="getData" finished-at="2018-07-27T08:48:45Z">
          <params>
            <param index="0">
              <value>
                <![CDATA[User1]]>
              </value>
            </param>
            <param index="1">
              <value>
                <![CDATA[Password1]]>
              </value>
            </param>
          </params>
          <reporter-output>
          </reporter-output>
        </test-method> <!-- BasePageNavigation -->
        <test-method status="PASS" signature="BasePageNavigation(java.lang.String, java.lang.String)[pri:0, instance:LoveAndCo.HomePage@52e6fdee]" name="BasePageNavigation" duration-ms="4447" started-at="2018-07-27T08:48:46Z" data-provider="getData" finished-at="2018-07-27T08:48:50Z">
          <params>
            <param index="0">
              <value>
                <![CDATA[User2]]>
              </value>
            </param>
            <param index="1">
              <value>
                <![CDATA[Password2]]>
              </value>
            </param>
          </params>
          <reporter-output>
          </reporter-output>
        </test-method> <!-- BasePageNavigation -->
        <test-method status="PASS" signature="tearDown()[pri:0, instance:LoveAndCo.HomePage@52e6fdee]" name="tearDown" is-config="true" duration-ms="163" started-at="2018-07-27T08:48:50Z" finished-at="2018-07-27T08:48:51Z">
          <reporter-output>
          </reporter-output>
        </test-method> <!-- tearDown -->
      </class> <!-- LoveAndCo.HomePage -->
    </test> <!-- Test2 -->
  </suite> <!-- Suite -->
</testng-results>
