<?xml version="1.0" encoding="UTF-8"?>
<testsuite xmlns:xsi="http://www.w3.org/2001/XMLSchema-instance" xsi:noNamespaceSchemaLocation="https://maven.apache.org/surefire/maven-surefire-plugin/xsd/surefire-test-report.xsd" name="TestSuite" time="56.414" tests="3" errors="0" skipped="0" failures="0">
  <properties>
[...]
</properties>
  <testcase name="HomePageTitleValidation" classname="LoveAndCo.ValidateTitle" time="0.777"/>
  <testcase name="BasePageNavigation" classname="LoveAndCo.HomePage" time="15.548"/>
  <testcase name="BasePageNavigation" classname="LoveAndCo.HomePage" time="4.535"/>
</testsuite>