<?xml version="1.0" encoding="UTF-8"?>
<testng-results skipped="0" failed="0" ignored="0" total="3" passed="3">
  <reporter-output>
  </reporter-output>
  <suite name="Suite" duration-ms="38494" started-at="2018-07-18T09:26:57Z" finished-at="2018-07-18T09:27:35Z">
    <groups>
    </groups>
    <test name="Test1" duration-ms="9739" started-at="2018-07-18T09:26:57Z" finished-at="2018-07-18T09:27:06Z">
      <class name="LoveAndCo.ValidateTitle">
        <test-method status="PASS" signature="initialize()[pri:0, instance:LoveAndCo.ValidateTitle@4135c3b]" name="initialize" is-config="true" duration-ms="8762" started-at="2018-07-18T09:26:57Z" finished-at="2018-07-18T09:27:05Z">
          <reporter-output>
          </reporter-output>
        </test-method> <!-- initialize -->
        <test-method status="PASS" signature="HomePageTitleValidation()[pri:0, instance:LoveAndCo.ValidateTitle@4135c3b]" name="HomePageTitleValidation" duration-ms="106" started-at="2018-07-18T09:27:06Z" finished-at="2018-07-18T09:27:06Z">
          <reporter-output>
          </reporter-output>
        </test-method> <!-- HomePageTitleValidation -->
        <test-method status="PASS" signature="tearDown()[pri:0, instance:LoveAndCo.ValidateTitle@4135c3b]" name="tearDown" is-config="true" duration-ms="125" started-at="2018-07-18T09:27:06Z" finished-at="2018-07-18T09:27:06Z">
          <reporter-output>
          </reporter-output>
        </test-method> <!-- tearDown -->
      </class> <!-- LoveAndCo.ValidateTitle -->
    </test> <!-- Test1 -->
    <test name="Test2" duration-ms="23716" started-at="2018-07-18T09:27:12Z" finished-at="2018-07-18T09:27:35Z">
      <class name="LoveAndCo.HomePage">
        <test-method status="PASS" signature="initialize()[pri:0, instance:LoveAndCo.HomePage@5fe94a96]" name="initialize" is-config="true" duration-ms="967" started-at="2018-07-18T09:27:12Z" finished-at="2018-07-18T09:27:12Z">
          <reporter-output>
          </reporter-output>
        </test-method> <!-- initialize -->
        <test-method status="PASS" signature="BasePageNavigation(java.lang.String, java.lang.String)[pri:0, instance:LoveAndCo.HomePage@5fe94a96]" name="BasePageNavigation" duration-ms="17232" started-at="2018-07-18T09:27:12Z" data-provider="getData" finished-at="2018-07-18T09:27:30Z">
          <params>
            <param index="0">
              <value>
                <![CDATA[User1]]>
              </value>
            </param>
            <param index="1">
              <value>
                <![CDATA[Password1]]>
              </value>
            </param>
          </params>
          <reporter-output>
          </reporter-output>
        </test-method> <!-- BasePageNavigation -->
        <test-method status="PASS" signature="BasePageNavigation(java.lang.String, java.lang.String)[pri:0, instance:LoveAndCo.HomePage@5fe94a96]" name="BasePageNavigation" duration-ms="4491" started-at="2018-07-18T09:27:30Z" data-provider="getData" finished-at="2018-07-18T09:27:35Z">
          <params>
            <param index="0">
              <value>
                <![CDATA[User2]]>
              </value>
            </param>
            <param index="1">
              <value>
                <![CDATA[Password2]]>
              </value>
            </param>
          </params>
          <reporter-output>
          </reporter-output>
        </test-method> <!-- BasePageNavigation -->
        <test-method status="PASS" signature="tearDown()[pri:0, instance:LoveAndCo.HomePage@5fe94a96]" name="tearDown" is-config="true" duration-ms="117" started-at="2018-07-18T09:27:35Z" finished-at="2018-07-18T09:27:35Z">
          <reporter-output>
          </reporter-output>
        </test-method> <!-- tearDown -->
      </class> <!-- LoveAndCo.HomePage -->
    </test> <!-- Test2 -->
  </suite> <!-- Suite -->
</testng-results>
